<?xml version="1.0" encoding="UTF-8"?>
<testsuite xmlns:xsi="http://www.w3.org/2001/XMLSchema-instance" xsi:noNamespaceSchemaLocation="https://maven.apache.org/surefire/maven-surefire-plugin/xsd/surefire-test-report.xsd" version="3.0.2" name="com.twentyzhang.bluewhale.BluewhaleApplicationTests" time="10.309" tests="1" errors="0" skipped="0" failures="0">
  <properties>
[...]
</properties>
  <testcase name="contextLoads" classname="com.twentyzhang.bluewhale.BluewhaleApplicationTests" time="3.436">
    <system-out><![CDATA[17:10:56.301 [main] INFO org.springframework.test.context.support.AnnotationConfigContextLoaderUtils -- Could not detect default configuration classes for test class [com.twentyzhang.bluewhale.BluewhaleApplicationTests]: BluewhaleApplicationTests does not declare any static, non-private, non-final, nested classes annotated with @Configuration.
17:10:56.460 [main] INFO org.springframework.boot.test.context.SpringBootTestContextBootstrapper -- Found @SpringBootConfiguration com.twentyzhang.bluewhale.BluewhaleApplication for test class com.twentyzhang.bluewhale.BluewhaleApplicationTests
17:10:56.706 [main] INFO org.springframework.boot.devtools.restart.RestartApplicationListener -- Restart disabled due to context in which it is running

  .   ____          _            __ _ _
 /\\ / ___'_ __ _ _(_)_ __  __ _ \ \ \ \
( ( )\___ | '_ | '_| | '_ \/ _` | \ \ \ \
 \\/  ___)| |_)| | | | | || (_| |  ) ) ) )
  '  |____| .__|_| |_|_| |_\__, | / / / /
 =========|_|==============|___/=/_/_/_/

 :: Spring Boot ::                (v3.4.0)

2026-05-20T17:10:57.172+08:00  INFO 30552 --- [bluewhale] [           main] c.t.bluewhale.BluewhaleApplicationTests  : Starting BluewhaleApplicationTests using Java 17.0.13 with PID 30552 (started by zhftx in F:\demos\claudeTry)
2026-05-20T17:10:57.174+08:00 DEBUG 30552 --- [bluewhale] [           main] c.t.bluewhale.BluewhaleApplicationTests  : Running with Spring Boot v3.4.0, Spring v6.2.0
2026-05-20T17:10:57.177+08:00  INFO 30552 --- [bluewhale] [           main] c.t.bluewhale.BluewhaleApplicationTests  : No active profile set, falling back to 1 default profile: "default"
Logging initialized using 'class org.apache.ibatis.logging.stdout.StdOutImpl' adapter.
Get /192.168.150.1 network interface 
Get network interface info: name:eth6 (VMware Virtual Ethernet Adapter for VMnet8)
Initialization Sequence datacenterId:0 workerId:5
 _ _   |_  _ _|_. ___ _ |    _ 
| | |\/|_)(_| | |_\  |_)||_|_\ 
     /               |         
                        3.5.9 
2026-05-20T17:11:01.071+08:00  WARN 30552 --- [bluewhale] [           main] .s.s.UserDetailsServiceAutoConfiguration : 

Using generated security password: 267ae6b4-a2da-4382-ac3d-ecb5f111f25c

This generated password is for development use only. Your security configuration must be updated before running your application in production.

2026-05-20T17:11:01.115+08:00  INFO 30552 --- [bluewhale] [           main] r$InitializeUserDetailsManagerConfigurer : Global AuthenticationManager configured with UserDetailsService bean with name inMemoryUserDetailsManager
2026-05-20T17:11:02.865+08:00  INFO 30552 --- [bluewhale] [           main] c.t.bluewhale.BluewhaleApplicationTests  : Started BluewhaleApplicationTests in 6.178 seconds (process running for 7.508)
]]></system-out>
  </testcase>
</testsuite>